INFO:__main__:worker started (fake_transcribe=True, server=http://localhost:8000)
Traceback (most recent call last):
  File "C:\Users\user\Documents\semester 6\MoodlePro\MoodlePRO\gpu_worker\.venv\Lib\site-packages\redis\asyncio\connection.py", line 755, in read_response
    response = await self._parser.read_response(
               ^^^^^^^^^^^^^^^^^^^^^^^^^^^^^^^^^
        disable_decoding=disable_decoding, push_request=push_request
        ^^^^^^^^^^^^^^^^^^^^^^^^^^^^^^^^^^^^^^^^^^^^^^^^^^^^^^^^^^^^
    )
    ^
  File "C:\Users\user\Documents\semester 6\MoodlePro\MoodlePRO\gpu_worker\.venv\Lib\site-packages\redis\_parsers\resp3.py", line 185, in read_response
    response = await self._read_response(
               ^^^^^^^^^^^^^^^^^^^^^^^^^^
        disable_decoding=disable_decoding, push_request=push_request
        ^^^^^^^^^^^^^^^^^^^^^^^^^^^^^^^^^^^^^^^^^^^^^^^^^^^^^^^^^^^^
    )
    ^
  File "C:\Users\user\Documents\semester 6\MoodlePro\MoodlePRO\gpu_worker\.venv\Lib\site-packages\redis\_parsers\resp3.py", line 197, in _read_response
    raw = await self._readline()
          ^^^^^^^^^^^^^^^^^^^^^^
  File "C:\Users\user\Documents\semester 6\MoodlePro\MoodlePRO\gpu_worker\.venv\Lib\site-packages\redis\_parsers\base.py", line 578, in _readline
    data = await self._stream.readline()
           ^^^^^^^^^^^^^^^^^^^^^^^^^^^^^
  File "C:\Users\user\AppData\Local\Python\pythoncore-3.14-64\Lib\asyncio\streams.py", line 562, in readline
    line = await self.readuntil(sep)
           ^^^^^^^^^^^^^^^^^^^^^^^^^
  File "C:\Users\user\AppData\Local\Python\pythoncore-3.14-64\Lib\asyncio\streams.py", line 677, in readuntil
    await self._wait_for_data('readuntil')
  File "C:\Users\user\AppData\Local\Python\pythoncore-3.14-64\Lib\asyncio\streams.py", line 539, in _wait_for_data
    await self._waiter
asyncio.exceptions.CancelledError

The above exception was the direct cause of the following exception:

Traceback (most recent call last):
  File "C:\Users\user\Documents\semester 6\MoodlePro\MoodlePRO\gpu_worker\.venv\Lib\site-packages\redis\asyncio\connection.py", line 754, in read_response
    async with async_timeout(read_timeout):
               ~~~~~~~~~~~~~^^^^^^^^^^^^^^
  File "C:\Users\user\AppData\Local\Python\pythoncore-3.14-64\Lib\asyncio\timeouts.py", line 114, in __aexit__
    raise TimeoutError from exc_val
TimeoutError

During handling of the above exception, another exception occurred:

Traceback (most recent call last):
  File "C:\Users\user\Documents\semester 6\MoodlePro\MoodlePRO\gpu_worker\worker.py", line 63, in <module>
    asyncio.run(main())
    ~~~~~~~~~~~^^^^^^^^
  File "C:\Users\user\AppData\Local\Python\pythoncore-3.14-64\Lib\asyncio\runners.py", line 204, in run
    return runner.run(main)
           ~~~~~~~~~~^^^^^^
  File "C:\Users\user\AppData\Local\Python\pythoncore-3.14-64\Lib\asyncio\runners.py", line 127, in run
    return self._loop.run_until_complete(task)
           ~~~~~~~~~~~~~~~~~~~~~~~~~~~~~^^^^^^
  File "C:\Users\user\AppData\Local\Python\pythoncore-3.14-64\Lib\asyncio\base_events.py", line 719, in run_until_complete
    return future.result()
           ~~~~~~~~~~~~~^^
  File "C:\Users\user\Documents\semester 6\MoodlePro\MoodlePRO\gpu_worker\worker.py", line 59, in main
    await run_once(redis, http_client, transcriber, settings)
  File "C:\Users\user\Documents\semester 6\MoodlePro\MoodlePRO\gpu_worker\worker.py", line 25, in run_once
    job_id = await dequeue_job(redis, timeout=poll_timeout)
             ^^^^^^^^^^^^^^^^^^^^^^^^^^^^^^^^^^^^^^^^^^^^^^
  File "C:\Users\user\Documents\semester 6\MoodlePro\MoodlePRO\gpu_worker\redis_queue.py", line 13, in dequeue_job
    result = await redis.blpop([JOB_QUEUE_KEY], timeout=timeout)
             ^^^^^^^^^^^^^^^^^^^^^^^^^^^^^^^^^^^^^^^^^^^^^^^^^^^
  File "C:\Users\user\Documents\semester 6\MoodlePro\MoodlePRO\gpu_worker\.venv\Lib\site-packages\redis\asyncio\client.py", line 839, in execute_command
    result = await conn.retry.call_with_retry(
             ^^^^^^^^^^^^^^^^^^^^^^^^^^^^^^^^^
    ...<5 lines>...
    )
    ^
  File "C:\Users\user\Documents\semester 6\MoodlePro\MoodlePRO\gpu_worker\.venv\Lib\site-packages\redis\asyncio\retry.py", line 81, in call_with_retry
    raise error
  File "C:\Users\user\Documents\semester 6\MoodlePro\MoodlePRO\gpu_worker\.venv\Lib\site-packages\redis\asyncio\retry.py", line 69, in call_with_retry
    return await do()
           ^^^^^^^^^^
  File "C:\Users\user\Documents\semester 6\MoodlePro\MoodlePRO\gpu_worker\.venv\Lib\site-packages\redis\asyncio\client.py", line 780, in _send_command_parse_response
    return await self.parse_response(conn, command_name, **options)
           ^^^^^^^^^^^^^^^^^^^^^^^^^^^^^^^^^^^^^^^^^^^^^^^^^^^^^^^^
  File "C:\Users\user\Documents\semester 6\MoodlePro\MoodlePRO\gpu_worker\.venv\Lib\site-packages\redis\asyncio\client.py", line 881, in parse_response
    response = await connection.read_response()
               ^^^^^^^^^^^^^^^^^^^^^^^^^^^^^^^^
  File "C:\Users\user\Documents\semester 6\MoodlePro\MoodlePRO\gpu_worker\.venv\Lib\site-packages\redis\asyncio\connection.py", line 778, in read_response
    raise TimeoutError(f"Timeout reading from {host_error}")
redis.exceptions.TimeoutError: Timeout reading from localhost:6379
